$04-09 11:03:41.962 DEBUG o.s.t.c.j.SpringJUnit4ClassRunner [main] [] - SpringJUnit4ClassRunner constructor called with [class com.qunar.fresh.librarysystem.dao.BorrowingDaoTest].
$04-09 11:03:41.997 DEBUG o.s.t.c.s.DelegatingSmartContextLoader [main] [] - Delegating to GenericXmlContextLoader to process context configuration [ContextConfigurationAttributes@4868bd35 declaringClass = 'com.qunar.fresh.librarysystem.dao.BorrowingDaoTest', locations = '{classpath:spring/dao.xml}', classes = '{}', inheritLocations = true, contextLoaderClass = 'org.springframework.test.context.ContextLoader'].
$04-09 11:03:42.001 DEBUG o.s.t.c.ContextLoaderUtils [main] [] - Could not find an 'annotation declaring class' for annotation type [interface org.springframework.test.context.ActiveProfiles] and class [class com.qunar.fresh.librarysystem.dao.BorrowingDaoTest]
$04-09 11:03:42.003 INFO  o.s.t.c.TestContextManager [main] [] - @TestExecutionListeners is not present for class [class com.qunar.fresh.librarysystem.dao.BorrowingDaoTest]: using defaults.
$04-09 11:03:42.019 DEBUG o.s.t.a.ProfileValueUtils [main] [] - Retrieved @ProfileValueSourceConfiguration [null] for test class [com.qunar.fresh.librarysystem.dao.BorrowingDaoTest]
$04-09 11:03:42.020 DEBUG o.s.t.a.ProfileValueUtils [main] [] - Retrieved ProfileValueSource type [class org.springframework.test.annotation.SystemProfileValueSource] for class [com.qunar.fresh.librarysystem.dao.BorrowingDaoTest]
$04-09 11:03:42.028 DEBUG o.s.t.a.ProfileValueUtils [main] [] - Retrieved @ProfileValueSourceConfiguration [null] for test class [com.qunar.fresh.librarysystem.dao.BorrowingDaoTest]
$04-09 11:03:42.029 DEBUG o.s.t.a.ProfileValueUtils [main] [] - Retrieved ProfileValueSource type [class org.springframework.test.annotation.SystemProfileValueSource] for class [com.qunar.fresh.librarysystem.dao.BorrowingDaoTest]
$04-09 11:03:42.031 DEBUG o.s.t.a.ProfileValueUtils [main] [] - Retrieved @ProfileValueSourceConfiguration [null] for test class [com.qunar.fresh.librarysystem.dao.BorrowingDaoTest]
$04-09 11:03:42.031 DEBUG o.s.t.a.ProfileValueUtils [main] [] - Retrieved ProfileValueSource type [class org.springframework.test.annotation.SystemProfileValueSource] for class [com.qunar.fresh.librarysystem.dao.BorrowingDaoTest]
$04-09 11:03:42.033 DEBUG o.s.t.a.ProfileValueUtils [main] [] - Retrieved @ProfileValueSourceConfiguration [null] for test class [com.qunar.fresh.librarysystem.dao.BorrowingDaoTest]
$04-09 11:03:42.034 DEBUG o.s.t.a.ProfileValueUtils [main] [] - Retrieved ProfileValueSource type [class org.springframework.test.annotation.SystemProfileValueSource] for class [com.qunar.fresh.librarysystem.dao.BorrowingDaoTest]
$04-09 11:03:42.037 DEBUG o.s.t.a.ProfileValueUtils [main] [] - Retrieved @ProfileValueSourceConfiguration [null] for test class [com.qunar.fresh.librarysystem.dao.BorrowingDaoTest]
$04-09 11:03:42.038 DEBUG o.s.t.a.ProfileValueUtils [main] [] - Retrieved ProfileValueSource type [class org.springframework.test.annotation.SystemProfileValueSource] for class [com.qunar.fresh.librarysystem.dao.BorrowingDaoTest]
$04-09 11:03:42.041 DEBUG o.s.t.c.s.DependencyInjectionTestExecutionListener [main] [] - Performing dependency injection for test context [[TestContext@52ba8426 testClass = BorrowingDaoTest, testInstance = com.qunar.fresh.librarysystem.dao.BorrowingDaoTest@533a0538, testMethod = [null], testException = [null], mergedContextConfiguration = [MergedContextConfiguration@62cca38 testClass = BorrowingDaoTest, locations = '{classpath:spring/dao.xml}', classes = '{}', activeProfiles = '{}', contextLoader = 'org.springframework.test.context.support.DelegatingSmartContextLoader']]].
$04-09 11:03:42.043 DEBUG o.s.t.c.s.DelegatingSmartContextLoader [main] [] - Delegating to GenericXmlContextLoader to load context from [MergedContextConfiguration@62cca38 testClass = BorrowingDaoTest, locations = '{classpath:spring/dao.xml}', classes = '{}', activeProfiles = '{}', contextLoader = 'org.springframework.test.context.support.DelegatingSmartContextLoader'].
$04-09 11:03:42.045 DEBUG o.s.t.c.s.AbstractGenericContextLoader [main] [] - Loading ApplicationContext for merged context configuration [[MergedContextConfiguration@62cca38 testClass = BorrowingDaoTest, locations = '{classpath:spring/dao.xml}', classes = '{}', activeProfiles = '{}', contextLoader = 'org.springframework.test.context.support.DelegatingSmartContextLoader']].
$04-09 11:03:42.122 DEBUG o.s.c.e.StandardEnvironment [main] [] - Initializing new StandardEnvironment
$04-09 11:03:42.124 DEBUG o.s.c.e.StandardEnvironment [main] [] - Adding [systemProperties] PropertySource with lowest search precedence
$04-09 11:03:42.126 DEBUG o.s.c.e.StandardEnvironment [main] [] - Adding [systemEnvironment] PropertySource with lowest search precedence
$04-09 11:03:42.126 DEBUG o.s.c.e.StandardEnvironment [main] [] - Initialized StandardEnvironment with PropertySources [systemProperties,systemEnvironment]
$04-09 11:03:42.167 DEBUG o.s.c.e.StandardEnvironment [main] [] - Initializing new StandardEnvironment
$04-09 11:03:42.168 DEBUG o.s.c.e.StandardEnvironment [main] [] - Adding [systemProperties] PropertySource with lowest search precedence
$04-09 11:03:42.168 DEBUG o.s.c.e.StandardEnvironment [main] [] - Adding [systemEnvironment] PropertySource with lowest search precedence
$04-09 11:03:42.169 DEBUG o.s.c.e.StandardEnvironment [main] [] - Initialized StandardEnvironment with PropertySources [systemProperties,systemEnvironment]
$04-09 11:03:42.177 INFO  o.s.b.f.x.XmlBeanDefinitionReader [main] [] - Loading XML bean definitions from class path resource [spring/dao.xml]
$04-09 11:03:42.184 DEBUG o.s.b.f.x.DefaultDocumentLoader [main] [] - Using JAXP provider [com.sun.org.apache.xerces.internal.jaxp.DocumentBuilderFactoryImpl]
$04-09 11:03:42.209 DEBUG o.s.b.f.x.PluggableSchemaResolver [main] [] - Loading schema mappings from [META-INF/spring.schemas]
$04-09 11:03:42.214 DEBUG o.s.b.f.x.PluggableSchemaResolver [main] [] - Loaded schema mappings: {http://mybatis.org/schema/mybatis-spring-1.2.xsd=org/mybatis/spring/config/mybatis-spring-1.2.xsd, http://www.springframework.org/schema/util/spring-util.xsd=org/springframework/beans/factory/xml/spring-util-3.1.xsd, http://www.springframework.org/schema/mvc/spring-mvc-3.1.xsd=org/springframework/web/servlet/config/spring-mvc-3.1.xsd, http://www.springframework.org/schema/beans/spring-beans-3.1.xsd=org/springframework/beans/factory/xml/spring-beans-3.1.xsd, http://www.springframework.org/schema/task/spring-task.xsd=org/springframework/scheduling/config/spring-task-3.1.xsd, http://www.springframework.org/schema/cache/spring-cache.xsd=org/springframework/cache/config/spring-cache-3.1.xsd, http://www.springframework.org/schema/aop/spring-aop-3.0.xsd=org/springframework/aop/config/spring-aop-3.0.xsd, http://www.springframework.org/schema/aop/spring-aop-2.0.xsd=org/springframework/aop/config/spring-aop-2.0.xsd, http://www.springframework.org/schema/task/spring-task-3.1.xsd=org/springframework/scheduling/config/spring-task-3.1.xsd, http://www.springframework.org/schema/tool/spring-tool-2.5.xsd=org/springframework/beans/factory/xml/spring-tool-2.5.xsd, http://www.springframework.org/schema/beans/spring-beans.xsd=org/springframework/beans/factory/xml/spring-beans-3.1.xsd, http://www.springframework.org/schema/jee/spring-jee-2.5.xsd=org/springframework/ejb/config/spring-jee-2.5.xsd, http://www.springframework.org/schema/jdbc/spring-jdbc-3.1.xsd=org/springframework/jdbc/config/spring-jdbc-3.1.xsd, http://www.springframework.org/schema/tool/spring-tool-3.1.xsd=org/springframework/beans/factory/xml/spring-tool-3.1.xsd, http://www.springframework.org/schema/aop/spring-aop.xsd=org/springframework/aop/config/spring-aop-3.1.xsd, http://www.springframework.org/schema/jee/spring-jee-3.1.xsd=org/springframework/ejb/config/spring-jee-3.1.xsd, http://www.springframework.org/schema/beans/spring-beans-2.0.xsd=org/springframework/beans/factory/xml/spring-beans-2.0.xsd, http://www.springframework.org/schema/mvc/spring-mvc-3.0.xsd=org/springframework/web/servlet/config/spring-mvc-3.0.xsd, http://www.springframework.org/schema/beans/spring-beans-3.0.xsd=org/springframework/beans/factory/xml/spring-beans-3.0.xsd, http://www.springframework.org/schema/task/spring-task-3.0.xsd=org/springframework/scheduling/config/spring-task-3.0.xsd, http://mybatis.org/schema/mybatis-spring.xsd=org/mybatis/spring/config/mybatis-spring-1.2.xsd, http://www.springframework.org/schema/tx/spring-tx-2.5.xsd=org/springframework/transaction/config/spring-tx-2.5.xsd, http://www.springframework.org/schema/context/spring-context-2.5.xsd=org/springframework/context/config/spring-context-2.5.xsd, http://www.springframework.org/schema/jdbc/spring-jdbc-3.0.xsd=org/springframework/jdbc/config/spring-jdbc-3.0.xsd, http://www.springframework.org/schema/tool/spring-tool-3.0.xsd=org/springframework/beans/factory/xml/spring-tool-3.0.xsd, http://www.springframework.org/schema/tx/spring-tx.xsd=org/springframework/transaction/config/spring-tx-3.1.xsd, http://www.springframework.org/schema/tool/spring-tool-2.0.xsd=org/springframework/beans/factory/xml/spring-tool-2.0.xsd, http://www.springframework.org/schema/util/spring-util-2.5.xsd=org/springframework/beans/factory/xml/spring-util-2.5.xsd, http://www.springframework.org/schema/lang/spring-lang.xsd=org/springframework/scripting/config/spring-lang-3.1.xsd, http://www.springframework.org/schema/lang/spring-lang-2.5.xsd=org/springframework/scripting/config/spring-lang-2.5.xsd, http://www.springframework.org/schema/jee/spring-jee-3.0.xsd=org/springframework/ejb/config/spring-jee-3.0.xsd, http://www.springframework.org/schema/tx/spring-tx-3.1.xsd=org/springframework/transaction/config/spring-tx-3.1.xsd, http://www.springframework.org/schema/jee/spring-jee-2.0.xsd=org/springframework/ejb/config/spring-jee-2.0.xsd, http://www.springframework.org/schema/context/spring-context-3.1.xsd=org/springframework/context/config/spring-context-3.1.xsd, http://www.springframework.org/schema/util/spring-util-3.1.xsd=org/springframework/beans/factory/xml/spring-util-3.1.xsd, http://www.springframework.org/schema/lang/spring-lang-3.1.xsd=org/springframework/scripting/config/spring-lang-3.1.xsd, http://www.springframework.org/schema/cache/spring-cache-3.1.xsd=org/springframework/cache/config/spring-cache-3.1.xsd, http://www.springframework.org/schema/context/spring-context.xsd=org/springframework/context/config/spring-context-3.1.xsd, http://www.springframework.org/schema/jee/spring-jee.xsd=org/springframework/ejb/config/spring-jee-3.1.xsd, http://www.springframework.org/schema/aop/spring-aop-2.5.xsd=org/springframework/aop/config/spring-aop-2.5.xsd, http://www.springframework.org/schema/mvc/spring-mvc.xsd=org/springframework/web/servlet/config/spring-mvc-3.1.xsd, http://www.springframework.org/schema/jdbc/spring-jdbc.xsd=org/springframework/jdbc/config/spring-jdbc-3.1.xsd, http://www.springframework.org/schema/tx/spring-tx-2.0.xsd=org/springframework/transaction/config/spring-tx-2.0.xsd, http://www.springframework.org/schema/aop/spring-aop-3.1.xsd=org/springframework/aop/config/spring-aop-3.1.xsd, http://www.springframework.org/schema/tx/spring-tx-3.0.xsd=org/springframework/transaction/config/spring-tx-3.0.xsd, http://www.springframework.org/schema/context/spring-context-3.0.xsd=org/springframework/context/config/spring-context-3.0.xsd, http://www.springframework.org/schema/tool/spring-tool.xsd=org/springframework/beans/factory/xml/spring-tool-3.1.xsd, http://www.springframework.org/schema/util/spring-util-3.0.xsd=org/springframework/beans/factory/xml/spring-util-3.0.xsd, http://www.springframework.org/schema/lang/spring-lang-3.0.xsd=org/springframework/scripting/config/spring-lang-3.0.xsd, http://www.springframework.org/schema/util/spring-util-2.0.xsd=org/springframework/beans/factory/xml/spring-util-2.0.xsd, http://www.springframework.org/schema/lang/spring-lang-2.0.xsd=org/springframework/scripting/config/spring-lang-2.0.xsd, http://www.springframework.org/schema/beans/spring-beans-2.5.xsd=org/springframework/beans/factory/xml/spring-beans-2.5.xsd}
$04-09 11:03:42.222 DEBUG o.s.b.f.x.PluggableSchemaResolver [main] [] - Found XML schema [http://www.springframework.org/schema/beans/spring-beans-3.0.xsd] in classpath: org/springframework/beans/factory/xml/spring-beans-3.0.xsd
$04-09 11:03:42.286 DEBUG o.s.b.f.x.PluggableSchemaResolver [main] [] - Found XML schema [http://www.springframework.org/schema/context/spring-context-3.0.xsd] in classpath: org/springframework/context/config/spring-context-3.0.xsd
$04-09 11:03:42.298 DEBUG o.s.b.f.x.PluggableSchemaResolver [main] [] - Found XML schema [http://www.springframework.org/schema/tool/spring-tool-3.0.xsd] in classpath: org/springframework/beans/factory/xml/spring-tool-3.0.xsd
$04-09 11:03:42.312 DEBUG o.s.b.f.x.PluggableSchemaResolver [main] [] - Found XML schema [http://www.springframework.org/schema/tx/spring-tx-3.0.xsd] in classpath: org/springframework/transaction/config/spring-tx-3.0.xsd
$04-09 11:03:42.323 DEBUG o.s.b.f.x.DefaultBeanDefinitionDocumentReader [main] [] - Loading bean definitions
$04-09 11:03:42.341 DEBUG o.s.b.f.x.DefaultNamespaceHandlerResolver [main] [] - Loaded NamespaceHandler mappings: {http://www.springframework.org/schema/p=org.springframework.beans.factory.xml.SimplePropertyNamespaceHandler, http://www.springframework.org/schema/mvc=org.springframework.web.servlet.config.MvcNamespaceHandler, http://www.springframework.org/schema/util=org.springframework.beans.factory.xml.UtilNamespaceHandler, http://www.springframework.org/schema/jee=org.springframework.ejb.config.JeeNamespaceHandler, http://www.springframework.org/schema/aop=org.springframework.aop.config.AopNamespaceHandler, http://www.springframework.org/schema/jdbc=org.springframework.jdbc.config.JdbcNamespaceHandler, http://www.springframework.org/schema/cache=org.springframework.cache.config.CacheNamespaceHandler, http://mybatis.org/schema/mybatis-spring=org.mybatis.spring.config.NamespaceHandler, http://www.springframework.org/schema/c=org.springframework.beans.factory.xml.SimpleConstructorNamespaceHandler, http://www.springframework.org/schema/tx=org.springframework.transaction.config.TxNamespaceHandler, http://www.springframework.org/schema/task=org.springframework.scheduling.config.TaskNamespaceHandler, http://www.springframework.org/schema/lang=org.springframework.scripting.config.LangNamespaceHandler, http://www.springframework.org/schema/context=org.springframework.context.config.ContextNamespaceHandler}
$04-09 11:03:42.413 DEBUG o.s.c.i.s.PathMatchingResourcePatternResolver [main] [] - Looking for matching resources in directory tree [/home/work/IdeaProject/VV/library/target/test-classes/com/qunar/fresh/librarysystem/dao]
$04-09 11:03:42.413 DEBUG o.s.c.i.s.PathMatchingResourcePatternResolver [main] [] - Searching directory [/home/work/IdeaProject/VV/library/target/test-classes/com/qunar/fresh/librarysystem/dao] for files matching pattern [/home/work/IdeaProject/VV/library/target/test-classes/com/qunar/fresh/librarysystem/dao/**/*.class]
$04-09 11:03:42.418 DEBUG o.s.c.i.s.PathMatchingResourcePatternResolver [main] [] - Looking for matching resources in directory tree [/home/work/IdeaProject/VV/library/target/classes/com/qunar/fresh/librarysystem/dao]
$04-09 11:03:42.419 DEBUG o.s.c.i.s.PathMatchingResourcePatternResolver [main] [] - Searching directory [/home/work/IdeaProject/VV/library/target/classes/com/qunar/fresh/librarysystem/dao] for files matching pattern [/home/work/IdeaProject/VV/library/target/classes/com/qunar/fresh/librarysystem/dao/**/*.class]
$04-09 11:03:42.421 DEBUG o.s.c.i.s.PathMatchingResourcePatternResolver [main] [] - Resolved location pattern [classpath*:com/qunar/fresh/librarysystem/dao/**/*.class] to resources [file [/home/work/IdeaProject/VV/library/target/test-classes/com/qunar/fresh/librarysystem/dao/BookDaoTest.class], file [/home/work/IdeaProject/VV/library/target/test-classes/com/qunar/fresh/librarysystem/dao/ReserveDaoTest.class], file [/home/work/IdeaProject/VV/library/target/test-classes/com/qunar/fresh/librarysystem/dao/BorrowingDaoTest.class], file [/home/work/IdeaProject/VV/library/target/test-classes/com/qunar/fresh/librarysystem/dao/ExpiresDaoTest.class], file [/home/work/IdeaProject/VV/library/target/classes/com/qunar/fresh/librarysystem/dao/SystemServiceDao.class], file [/home/work/IdeaProject/VV/library/target/classes/com/qunar/fresh/librarysystem/dao/LogDao.class], file [/home/work/IdeaProject/VV/library/target/classes/com/qunar/fresh/librarysystem/dao/BorrowingDao.class], file [/home/work/IdeaProject/VV/library/target/classes/com/qunar/fresh/librarysystem/dao/LibraryDao.class], file [/home/work/IdeaProject/VV/library/target/classes/com/qunar/fresh/librarysystem/dao/HomePageDao.class], file [/home/work/IdeaProject/VV/library/target/classes/com/qunar/fresh/librarysystem/dao/ReserveDao.class], file [/home/work/IdeaProject/VV/library/target/classes/com/qunar/fresh/librarysystem/dao/BookDao.class], file [/home/work/IdeaProject/VV/library/target/classes/com/qunar/fresh/librarysystem/dao/CategoryDao.class], file [/home/work/IdeaProject/VV/library/target/classes/com/qunar/fresh/librarysystem/dao/ExpiresDao.class], file [/home/work/IdeaProject/VV/library/target/classes/com/qunar/fresh/librarysystem/dao/ManagerDao.class]]
$04-09 11:03:42.469 DEBUG o.s.c.a.ClassPathBeanDefinitionScanner [main] [] - Ignored because not a concrete top-level class: file [/home/work/IdeaProject/VV/library/target/classes/com/qunar/fresh/librarysystem/dao/SystemServiceDao.class]
$04-09 11:03:42.472 DEBUG o.s.c.a.ClassPathBeanDefinitionScanner [main] [] - Ignored because not a concrete top-level class: file [/home/work/IdeaProject/VV/library/target/classes/com/qunar/fresh/librarysystem/dao/BorrowingDao.class]
$04-09 11:03:42.474 DEBUG o.s.c.a.ClassPathBeanDefinitionScanner [main] [] - Ignored because not a concrete top-level class: file [/home/work/IdeaProject/VV/library/target/classes/com/qunar/fresh/librarysystem/dao/ReserveDao.class]
$04-09 11:03:42.475 DEBUG o.s.c.a.ClassPathBeanDefinitionScanner [main] [] - Ignored because not a concrete top-level class: file [/home/work/IdeaProject/VV/library/target/classes/com/qunar/fresh/librarysystem/dao/BookDao.class]
$04-09 11:03:42.477 DEBUG o.s.c.a.ClassPathBeanDefinitionScanner [main] [] - Ignored because not a concrete top-level class: file [/home/work/IdeaProject/VV/library/target/classes/com/qunar/fresh/librarysystem/dao/ExpiresDao.class]
$04-09 11:03:42.487 DEBUG o.s.b.f.x.BeanDefinitionParserDelegate [main] [] - No XML 'id' specified - using 'bookSearchEngine' as bean name and [] as aliases
$04-09 11:03:42.490 DEBUG o.s.b.f.x.BeanDefinitionParserDelegate [main] [] - Neither XML 'id' nor 'name' specified - using generated bean name [org.mybatis.spring.mapper.MapperScannerConfigurer#0]
$04-09 11:03:42.491 DEBUG o.s.b.f.x.XmlBeanDefinitionReader [main] [] - Loaded 17 bean definitions from location pattern [classpath:spring/dao.xml]
$04-09 11:03:42.491 INFO  o.s.c.s.GenericApplicationContext [main] [] - Refreshing org.springframework.context.support.GenericApplicationContext@76dfa2ae: startup date [Wed Apr 09 11:03:42 CST 2014]; root of context hierarchy
$04-09 11:03:42.492 DEBUG o.s.c.s.GenericApplicationContext [main] [] - Bean factory for org.springframework.context.support.GenericApplicationContext@76dfa2ae: org.springframework.beans.factory.support.DefaultListableBeanFactory@7d88c3cf: defining beans [org.springframework.beans.factory.config.PropertyPlaceholderConfigurer#0,org.springframework.beans.factory.config.PropertyPlaceholderConfigurer#1,abstractPoolDatatSource,dataSource,transactionManager,org.springframework.aop.config.internalAutoProxyCreator,org.springframework.transaction.annotation.AnnotationTransactionAttributeSource#0,org.springframework.transaction.interceptor.TransactionInterceptor#0,org.springframework.transaction.config.internalTransactionAdvisor,sqlSessionFactory,sqlSession,org.springframework.context.annotation.internalConfigurationAnnotationProcessor,org.springframework.context.annotation.internalAutowiredAnnotationProcessor,org.springframework.context.annotation.internalRequiredAnnotationProcessor,org.springframework.context.annotation.internalCommonAnnotationProcessor,bookSearchEngine,org.mybatis.spring.mapper.MapperScannerConfigurer#0]; root of factory hierarchy
$04-09 11:03:42.522 DEBUG o.s.b.f.s.DefaultListableBeanFactory [main] [] - Creating shared instance of singleton bean 'org.springframework.context.annotation.internalConfigurationAnnotationProcessor'
$04-09 11:03:42.523 DEBUG o.s.b.f.s.DefaultListableBeanFactory [main] [] - Creating instance of bean 'org.springframework.context.annotation.internalConfigurationAnnotationProcessor'
$04-09 11:03:42.539 DEBUG o.s.b.f.s.DefaultListableBeanFactory [main] [] - Eagerly caching bean 'org.springframework.context.annotation.internalConfigurationAnnotationProcessor' to allow for resolving potential circular references
$04-09 11:03:42.541 DEBUG o.s.b.f.s.DefaultListableBeanFactory [main] [] - Finished creating instance of bean 'org.springframework.context.annotation.internalConfigurationAnnotationProcessor'
$04-09 11:03:42.541 DEBUG o.s.b.f.s.DefaultListableBeanFactory [main] [] - Creating shared instance of singleton bean 'org.mybatis.spring.mapper.MapperScannerConfigurer#0'
$04-09 11:03:42.542 DEBUG o.s.b.f.s.DefaultListableBeanFactory [main] [] - Creating instance of bean 'org.mybatis.spring.mapper.MapperScannerConfigurer#0'
$04-09 11:03:42.542 DEBUG o.s.b.f.s.DefaultListableBeanFactory [main] [] - Eagerly caching bean 'org.mybatis.spring.mapper.MapperScannerConfigurer#0' to allow for resolving potential circular references
$04-09 11:03:42.568 DEBUG o.s.b.f.s.DefaultListableBeanFactory [main] [] - Invoking afterPropertiesSet() on bean with name 'org.mybatis.spring.mapper.MapperScannerConfigurer#0'
$04-09 11:03:42.569 DEBUG o.s.b.f.s.DefaultListableBeanFactory [main] [] - Finished creating instance of bean 'org.mybatis.spring.mapper.MapperScannerConfigurer#0'
$04-09 11:03:42.591 DEBUG o.s.c.e.StandardEnvironment [main] [] - Initializing new StandardEnvironment
$04-09 11:03:42.591 DEBUG o.s.c.e.StandardEnvironment [main] [] - Adding [systemProperties] PropertySource with lowest search precedence
$04-09 11:03:42.591 DEBUG o.s.c.e.StandardEnvironment [main] [] - Adding [systemEnvironment] PropertySource with lowest search precedence
$04-09 11:03:42.592 DEBUG o.s.c.e.StandardEnvironment [main] [] - Initialized StandardEnvironment with PropertySources [systemProperties,systemEnvironment]
$04-09 11:03:42.594 DEBUG o.s.c.i.s.PathMatchingResourcePatternResolver [main] [] - Looking for matching resources in directory tree [/home/work/IdeaProject/VV/library/target/test-classes/com/qunar/fresh/librarysystem/dao]
$04-09 11:03:42.595 DEBUG o.s.c.i.s.PathMatchingResourcePatternResolver [main] [] - Searching directory [/home/work/IdeaProject/VV/library/target/test-classes/com/qunar/fresh/librarysystem/dao] for files matching pattern [/home/work/IdeaProject/VV/library/target/test-classes/com/qunar/fresh/librarysystem/dao/**/*.class]
$04-09 11:03:42.596 DEBUG o.s.c.i.s.PathMatchingResourcePatternResolver [main] [] - Looking for matching resources in directory tree [/home/work/IdeaProject/VV/library/target/classes/com/qunar/fresh/librarysystem/dao]
$04-09 11:03:42.597 DEBUG o.s.c.i.s.PathMatchingResourcePatternResolver [main] [] - Searching directory [/home/work/IdeaProject/VV/library/target/classes/com/qunar/fresh/librarysystem/dao] for files matching pattern [/home/work/IdeaProject/VV/library/target/classes/com/qunar/fresh/librarysystem/dao/**/*.class]
$04-09 11:03:42.599 DEBUG o.s.c.i.s.PathMatchingResourcePatternResolver [main] [] - Resolved location pattern [classpath*:com/qunar/fresh/librarysystem/dao/**/*.class] to resources [file [/home/work/IdeaProject/VV/library/target/test-classes/com/qunar/fresh/librarysystem/dao/BookDaoTest.class], file [/home/work/IdeaProject/VV/library/target/test-classes/com/qunar/fresh/librarysystem/dao/ReserveDaoTest.class], file [/home/work/IdeaProject/VV/library/target/test-classes/com/qunar/fresh/librarysystem/dao/BorrowingDaoTest.class], file [/home/work/IdeaProject/VV/library/target/test-classes/com/qunar/fresh/librarysystem/dao/ExpiresDaoTest.class], file [/home/work/IdeaProject/VV/library/target/classes/com/qunar/fresh/librarysystem/dao/SystemServiceDao.class], file [/home/work/IdeaProject/VV/library/target/classes/com/qunar/fresh/librarysystem/dao/LogDao.class], file [/home/work/IdeaProject/VV/library/target/classes/com/qunar/fresh/librarysystem/dao/BorrowingDao.class], file [/home/work/IdeaProject/VV/library/target/classes/com/qunar/fresh/librarysystem/dao/LibraryDao.class], file [/home/work/IdeaProject/VV/library/target/classes/com/qunar/fresh/librarysystem/dao/HomePageDao.class], file [/home/work/IdeaProject/VV/library/target/classes/com/qunar/fresh/librarysystem/dao/ReserveDao.class], file [/home/work/IdeaProject/VV/library/target/classes/com/qunar/fresh/librarysystem/dao/BookDao.class], file [/home/work/IdeaProject/VV/library/target/classes/com/qunar/fresh/librarysystem/dao/CategoryDao.class], file [/home/work/IdeaProject/VV/library/target/classes/com/qunar/fresh/librarysystem/dao/ExpiresDao.class], file [/home/work/IdeaProject/VV/library/target/classes/com/qunar/fresh/librarysystem/dao/ManagerDao.class]]
$04-09 11:03:42.608 DEBUG o.m.s.m.ClassPathMapperScanner [main] [] - Ignored because not a concrete top-level class: file [/home/work/IdeaProject/VV/library/target/test-classes/com/qunar/fresh/librarysystem/dao/BookDaoTest.class]
$04-09 11:03:42.610 DEBUG o.m.s.m.ClassPathMapperScanner [main] [] - Ignored because not a concrete top-level class: file [/home/work/IdeaProject/VV/library/target/test-classes/com/qunar/fresh/librarysystem/dao/ReserveDaoTest.class]
$04-09 11:03:42.616 DEBUG o.m.s.m.ClassPathMapperScanner [main] [] - Ignored because not a concrete top-level class: file [/home/work/IdeaProject/VV/library/target/test-classes/com/qunar/fresh/librarysystem/dao/BorrowingDaoTest.class]
$04-09 11:03:42.618 DEBUG o.m.s.m.ClassPathMapperScanner [main] [] - Ignored because not a concrete top-level class: file [/home/work/IdeaProject/VV/library/target/test-classes/com/qunar/fresh/librarysystem/dao/ExpiresDaoTest.class]
$04-09 11:03:42.619 DEBUG o.m.s.m.ClassPathMapperScanner [main] [] - Identified candidate component class: file [/home/work/IdeaProject/VV/library/target/classes/com/qunar/fresh/librarysystem/dao/SystemServiceDao.class]
$04-09 11:03:42.620 DEBUG o.m.s.m.ClassPathMapperScanner [main] [] - Identified candidate component class: file [/home/work/IdeaProject/VV/library/target/classes/com/qunar/fresh/librarysystem/dao/LogDao.class]
$04-09 11:03:42.622 DEBUG o.m.s.m.ClassPathMapperScanner [main] [] - Identified candidate component class: file [/home/work/IdeaProject/VV/library/target/classes/com/qunar/fresh/librarysystem/dao/BorrowingDao.class]
$04-09 11:03:42.623 DEBUG o.m.s.m.ClassPathMapperScanner [main] [] - Identified candidate component class: file [/home/work/IdeaProject/VV/library/target/classes/com/qunar/fresh/librarysystem/dao/LibraryDao.class]
$04-09 11:03:42.624 DEBUG o.m.s.m.ClassPathMapperScanner [main] [] - Identified candidate component class: file [/home/work/IdeaProject/VV/library/target/classes/com/qunar/fresh/librarysystem/dao/HomePageDao.class]
$04-09 11:03:42.625 DEBUG o.m.s.m.ClassPathMapperScanner [main] [] - Identified candidate component class: file [/home/work/IdeaProject/VV/library/target/classes/com/qunar/fresh/librarysystem/dao/ReserveDao.class]
$04-09 11:03:42.627 DEBUG o.m.s.m.ClassPathMapperScanner [main] [] - Identified candidate component class: file [/home/work/IdeaProject/VV/library/target/classes/com/qunar/fresh/librarysystem/dao/BookDao.class]
$04-09 11:03:42.628 DEBUG o.m.s.m.ClassPathMapperScanner [main] [] - Identified candidate component class: file [/home/work/IdeaProject/VV/library/target/classes/com/qunar/fresh/librarysystem/dao/CategoryDao.class]
$04-09 11:03:42.629 DEBUG o.m.s.m.ClassPathMapperScanner [main] [] - Identified candidate component class: file [/home/work/IdeaProject/VV/library/target/classes/com/qunar/fresh/librarysystem/dao/ExpiresDao.class]
$04-09 11:03:42.630 DEBUG o.m.s.m.ClassPathMapperScanner [main] [] - Identified candidate component class: file [/home/work/IdeaProject/VV/library/target/classes/com/qunar/fresh/librarysystem/dao/ManagerDao.class]
$04-09 11:03:42.637 DEBUG o.m.s.m.ClassPathMapperScanner [main] [] - Creating MapperFactoryBean with name 'systemServiceDao' and 'com.qunar.fresh.librarysystem.dao.SystemServiceDao' mapperInterface
$04-09 11:03:42.639 DEBUG o.m.s.m.ClassPathMapperScanner [main] [] - Creating MapperFactoryBean with name 'logDao' and 'com.qunar.fresh.librarysystem.dao.LogDao' mapperInterface
$04-09 11:03:42.640 DEBUG o.m.s.m.ClassPathMapperScanner [main] [] - Creating MapperFactoryBean with name 'borrowingDao' and 'com.qunar.fresh.librarysystem.dao.BorrowingDao' mapperInterface
$04-09 11:03:42.641 DEBUG o.m.s.m.ClassPathMapperScanner [main] [] - Creating MapperFactoryBean with name 'libraryDao' and 'com.qunar.fresh.librarysystem.dao.LibraryDao' mapperInterface
$04-09 11:03:42.641 DEBUG o.m.s.m.ClassPathMapperScanner [main] [] - Creating MapperFactoryBean with name 'homePageDao' and 'com.qunar.fresh.librarysystem.dao.HomePageDao' mapperInterface
$04-09 11:03:42.642 DEBUG o.m.s.m.ClassPathMapperScanner [main] [] - Creating MapperFactoryBean with name 'reserveDao' and 'com.qunar.fresh.librarysystem.dao.ReserveDao' mapperInterface
$04-09 11:03:42.643 DEBUG o.m.s.m.ClassPathMapperScanner [main] [] - Creating MapperFactoryBean with name 'bookDao' and 'com.qunar.fresh.librarysystem.dao.BookDao' mapperInterface
$04-09 11:03:42.644 DEBUG o.m.s.m.ClassPathMapperScanner [main] [] - Creating MapperFactoryBean with name 'categoryDao' and 'com.qunar.fresh.librarysystem.dao.CategoryDao' mapperInterface
$04-09 11:03:42.645 DEBUG o.m.s.m.ClassPathMapperScanner [main] [] - Creating MapperFactoryBean with name 'expiresDao' and 'com.qunar.fresh.librarysystem.dao.ExpiresDao' mapperInterface
$04-09 11:03:42.646 DEBUG o.m.s.m.ClassPathMapperScanner [main] [] - Creating MapperFactoryBean with name 'managerDao' and 'com.qunar.fresh.librarysystem.dao.ManagerDao' mapperInterface
$04-09 11:03:42.650 DEBUG o.s.b.f.s.DefaultListableBeanFactory [main] [] - Creating shared instance of singleton bean 'org.springframework.beans.factory.config.PropertyPlaceholderConfigurer#0'
$04-09 11:03:42.651 DEBUG o.s.b.f.s.DefaultListableBeanFactory [main] [] - Creating instance of bean 'org.springframework.beans.factory.config.PropertyPlaceholderConfigurer#0'
$04-09 11:03:42.654 DEBUG o.s.b.f.s.DefaultListableBeanFactory [main] [] - Eagerly caching bean 'org.springframework.beans.factory.config.PropertyPlaceholderConfigurer#0' to allow for resolving potential circular references
$04-09 11:03:42.666 DEBUG o.s.b.f.s.DefaultListableBeanFactory [main] [] - Finished creating instance of bean 'org.springframework.beans.factory.config.PropertyPlaceholderConfigurer#0'
$04-09 11:03:42.667 DEBUG o.s.b.f.s.DefaultListableBeanFactory [main] [] - Creating shared instance of singleton bean 'org.springframework.beans.factory.config.PropertyPlaceholderConfigurer#1'
$04-09 11:03:42.668 DEBUG o.s.b.f.s.DefaultListableBeanFactory [main] [] - Creating instance of bean 'org.springframework.beans.factory.config.PropertyPlaceholderConfigurer#1'
$04-09 11:03:42.669 DEBUG o.s.b.f.s.DefaultListableBeanFactory [main] [] - Eagerly caching bean 'org.springframework.beans.factory.config.PropertyPlaceholderConfigurer#1' to allow for resolving potential circular references
$04-09 11:03:42.670 DEBUG o.s.b.f.s.DefaultListableBeanFactory [main] [] - Finished creating instance of bean 'org.springframework.beans.factory.config.PropertyPlaceholderConfigurer#1'
$04-09 11:03:42.671 INFO  o.s.b.f.c.PropertyPlaceholderConfigurer [main] [] - Loading properties file from class path resource [system.properties]
$04-09 11:03:42.677 INFO  o.s.b.f.c.PropertyPlaceholderConfigurer [main] [] - Loading properties file from class path resource [searchConfig.properties]
$04-09 11:03:42.684 DEBUG o.s.b.f.s.DefaultListableBeanFactory [main] [] - Creating shared instance of singleton bean 'org.springframework.context.annotation.internalAutowiredAnnotationProcessor'
$04-09 11:03:42.685 DEBUG o.s.b.f.s.DefaultListableBeanFactory [main] [] - Creating instance of bean 'org.springframework.context.annotation.internalAutowiredAnnotationProcessor'
$04-09 11:03:42.687 DEBUG o.s.b.f.s.DefaultListableBeanFactory [main] [] - Eagerly caching bean 'org.springframework.context.annotation.internalAutowiredAnnotationProcessor' to allow for resolving potential circular references
$04-09 11:03:42.688 DEBUG o.s.b.f.s.DefaultListableBeanFactory [main] [] - Finished creating instance of bean 'org.springframework.context.annotation.internalAutowiredAnnotationProcessor'
$04-09 11:03:42.689 DEBUG o.s.b.f.s.DefaultListableBeanFactory [main] [] - Creating shared instance of singleton bean 'org.springframework.context.annotation.internalRequiredAnnotationProcessor'
$04-09 11:03:42.689 DEBUG o.s.b.f.s.DefaultListableBeanFactory [main] [] - Creating instance of bean 'org.springframework.context.annotation.internalRequiredAnnotationProcessor'
$04-09 11:03:42.691 DEBUG o.s.b.f.s.DefaultListableBeanFactory [main] [] - Eagerly caching bean 'org.springframework.context.annotation.internalRequiredAnnotationProcessor' to allow for resolving potential circular references
$04-09 11:03:42.691 DEBUG o.s.b.f.s.DefaultListableBeanFactory [main] [] - Finished creating instance of bean 'org.springframework.context.annotation.internalRequiredAnnotationProcessor'
$04-09 11:03:42.692 DEBUG o.s.b.f.s.DefaultListableBeanFactory [main] [] - Creating shared instance of singleton bean 'org.springframework.context.annotation.internalCommonAnnotationProcessor'
$04-09 11:03:42.693 DEBUG o.s.b.f.s.DefaultListableBeanFactory [main] [] - Creating instance of bean 'org.springframework.context.annotation.internalCommonAnnotationProcessor'
$04-09 11:03:42.700 DEBUG o.s.b.f.s.DefaultListableBeanFactory [main] [] - Eagerly caching bean 'org.springframework.context.annotation.internalCommonAnnotationProcessor' to allow for resolving potential circular references
$04-09 11:03:42.701 DEBUG o.s.b.f.s.DefaultListableBeanFactory [main] [] - Finished creating instance of bean 'org.springframework.context.annotation.internalCommonAnnotationProcessor'
$04-09 11:03:42.702 DEBUG o.s.b.f.s.DefaultListableBeanFactory [main] [] - Creating shared instance of singleton bean 'org.springframework.context.annotation.ConfigurationClassPostProcessor.importAwareProcessor'
$04-09 11:03:42.703 DEBUG o.s.b.f.s.DefaultListableBeanFactory [main] [] - Creating instance of bean 'org.springframework.context.annotation.ConfigurationClassPostProcessor.importAwareProcessor'
$04-09 11:03:42.704 DEBUG o.s.b.f.s.DefaultListableBeanFactory [main] [] - Eagerly caching bean 'org.springframework.context.annotation.ConfigurationClassPostProcessor.importAwareProcessor' to allow for resolving potential circular references
$04-09 11:03:42.705 DEBUG o.s.b.f.s.DefaultListableBeanFactory [main] [] - Finished creating instance of bean 'org.springframework.context.annotation.ConfigurationClassPostProcessor.importAwareProcessor'
$04-09 11:03:42.706 DEBUG o.s.b.f.s.DefaultListableBeanFactory [main] [] - Creating shared instance of singleton bean 'org.springframework.aop.config.internalAutoProxyCreator'
$04-09 11:03:42.706 DEBUG o.s.b.f.s.DefaultListableBeanFactory [main] [] - Creating instance of bean 'org.springframework.aop.config.internalAutoProxyCreator'
$04-09 11:03:42.720 DEBUG o.s.b.f.s.DefaultListableBeanFactory [main] [] - Eagerly caching bean 'org.springframework.aop.config.internalAutoProxyCreator' to allow for resolving potential circular references
$04-09 11:03:42.737 DEBUG o.s.b.f.s.DefaultListableBeanFactory [main] [] - Finished creating instance of bean 'org.springframework.aop.config.internalAutoProxyCreator'
$04-09 11:03:42.741 DEBUG o.s.c.s.GenericApplicationContext [main] [] - Unable to locate MessageSource with name 'messageSource': using default [org.springframework.context.support.DelegatingMessageSource@8f2e824]
$04-09 11:03:42.745 DEBUG o.s.c.s.GenericApplicationContext [main] [] - Unable to locate ApplicationEventMulticaster with name 'applicationEventMulticaster': using default [org.springframework.context.event.SimpleApplicationEventMulticaster@39aaadc6]
$04-09 11:03:42.755 INFO  o.s.b.f.s.DefaultListableBeanFactory [main] [] - Pre-instantiating singletons in org.springframework.beans.factory.support.DefaultListableBeanFactory@7d88c3cf: defining beans [org.springframework.beans.factory.config.PropertyPlaceholderConfigurer#0,org.springframework.beans.factory.config.PropertyPlaceholderConfigurer#1,abstractPoolDatatSource,dataSource,transactionManager,org.springframework.aop.config.internalAutoProxyCreator,org.springframework.transaction.annotation.AnnotationTransactionAttributeSource#0,org.springframework.transaction.interceptor.TransactionInterceptor#0,org.springframework.transaction.config.internalTransactionAdvisor,sqlSessionFactory,sqlSession,org.springframework.context.annotation.internalConfigurationAnnotationProcessor,org.springframework.context.annotation.internalAutowiredAnnotationProcessor,org.springframework.context.annotation.internalRequiredAnnotationProcessor,org.springframework.context.annotation.internalCommonAnnotationProcessor,bookSearchEngine,org.mybatis.spring.mapper.MapperScannerConfigurer#0,org.springframework.context.annotation.ConfigurationClassPostProcessor.importAwareProcessor,systemServiceDao,logDao,borrowingDao,libraryDao,homePageDao,reserveDao,bookDao,categoryDao,expiresDao,managerDao]; root of factory hierarchy
$04-09 11:03:42.756 DEBUG o.s.b.f.s.DefaultListableBeanFactory [main] [] - Returning cached instance of singleton bean 'org.springframework.beans.factory.config.PropertyPlaceholderConfigurer#0'
$04-09 11:03:42.756 DEBUG o.s.b.f.s.DefaultListableBeanFactory [main] [] - Returning cached instance of singleton bean 'org.springframework.beans.factory.config.PropertyPlaceholderConfigurer#1'
$04-09 11:03:42.757 DEBUG o.s.b.f.s.DefaultListableBeanFactory [main] [] - Creating shared instance of singleton bean 'dataSource'
$04-09 11:03:42.757 DEBUG o.s.b.f.s.DefaultListableBeanFactory [main] [] - Creating instance of bean 'dataSource'
$04-09 11:03:42.772 DEBUG o.s.b.f.s.DefaultListableBeanFactory [main] [] - Eagerly caching bean 'dataSource' to allow for resolving potential circular references
$04-09 11:03:42.791 DEBUG o.s.c.e.StandardEnvironment [main] [] - Initializing new StandardEnvironment
$04-09 11:03:42.792 DEBUG o.s.c.e.StandardEnvironment [main] [] - Adding [systemProperties] PropertySource with lowest search precedence
$04-09 11:03:42.793 DEBUG o.s.c.e.StandardEnvironment [main] [] - Adding [systemEnvironment] PropertySource with lowest search precedence
$04-09 11:03:42.793 DEBUG o.s.c.e.StandardEnvironment [main] [] - Initialized StandardEnvironment with PropertySources [systemProperties,systemEnvironment]
$04-09 11:03:42.794 DEBUG o.s.c.e.StandardEnvironment [main] [] - Initializing new StandardEnvironment
$04-09 11:03:42.795 DEBUG o.s.c.e.StandardEnvironment [main] [] - Adding [systemProperties] PropertySource with lowest search precedence
$04-09 11:03:42.796 DEBUG o.s.c.e.StandardEnvironment [main] [] - Adding [systemEnvironment] PropertySource with lowest search precedence
$04-09 11:03:42.796 DEBUG o.s.c.e.StandardEnvironment [main] [] - Initialized StandardEnvironment with PropertySources [systemProperties,systemEnvironment]
$04-09 11:03:42.797 DEBUG o.s.c.e.StandardEnvironment [main] [] - Initializing new StandardEnvironment
$04-09 11:03:42.798 DEBUG o.s.c.e.StandardEnvironment [main] [] - Adding [systemProperties] PropertySource with lowest search precedence
$04-09 11:03:42.798 DEBUG o.s.c.e.StandardEnvironment [main] [] - Adding [systemEnvironment] PropertySource with lowest search precedence
$04-09 11:03:42.799 DEBUG o.s.c.e.StandardEnvironment [main] [] - Initialized StandardEnvironment with PropertySources [systemProperties,systemEnvironment]
$04-09 11:03:42.802 DEBUG o.s.c.e.StandardEnvironment [main] [] - Initializing new StandardEnvironment
$04-09 11:03:42.803 DEBUG o.s.c.e.StandardEnvironment [main] [] - Adding [systemProperties] PropertySource with lowest search precedence
$04-09 11:03:42.803 DEBUG o.s.c.e.StandardEnvironment [main] [] - Adding [systemEnvironment] PropertySource with lowest search precedence
$04-09 11:03:42.804 DEBUG o.s.c.e.StandardEnvironment [main] [] - Initialized StandardEnvironment with PropertySources [systemProperties,systemEnvironment]
$04-09 11:03:42.806 DEBUG o.s.c.e.StandardEnvironment [main] [] - Initializing new StandardEnvironment
$04-09 11:03:42.806 DEBUG o.s.c.e.StandardEnvironment [main] [] - Adding [systemProperties] PropertySource with lowest search precedence
$04-09 11:03:42.807 DEBUG o.s.c.e.StandardEnvironment [main] [] - Adding [systemEnvironment] PropertySource with lowest search precedence
$04-09 11:03:42.807 DEBUG o.s.c.e.StandardEnvironment [main] [] - Initialized StandardEnvironment with PropertySources [systemProperties,systemEnvironment]
$04-09 11:03:42.819 DEBUG o.s.b.f.s.DefaultListableBeanFactory [main] [] - Creating shared instance of singleton bean 'org.springframework.transaction.config.internalTransactionAdvisor'
$04-09 11:03:42.820 DEBUG o.s.b.f.s.DefaultListableBeanFactory [main] [] - Creating instance of bean 'org.springframework.transaction.config.internalTransactionAdvisor'
$04-09 11:03:42.823 DEBUG o.s.b.f.s.DefaultListableBeanFactory [main] [] - Eagerly caching bean 'org.springframework.transaction.config.internalTransactionAdvisor' to allow for resolving potential circular references
$04-09 11:03:42.832 DEBUG o.s.b.f.s.DefaultListableBeanFactory [main] [] - Creating shared instance of singleton bean 'org.springframework.transaction.annotation.AnnotationTransactionAttributeSource#0'
$04-09 11:03:42.833 DEBUG o.s.b.f.s.DefaultListableBeanFactory [main] [] - Creating instance of bean 'org.springframework.transaction.annotation.AnnotationTransactionAttributeSource#0'
$04-09 11:03:42.834 DEBUG o.s.b.f.s.DefaultListableBeanFactory [main] [] - Eagerly caching bean 'org.springframework.transaction.annotation.AnnotationTransactionAttributeSource#0' to allow for resolving potential circular references
$04-09 11:03:42.858 DEBUG o.s.b.f.s.DefaultListableBeanFactory [main] [] - Finished creating instance of bean 'org.springframework.transaction.annotation.AnnotationTransactionAttributeSource#0'
$04-09 11:03:42.860 DEBUG o.s.b.f.s.DefaultListableBeanFactory [main] [] - Finished creating instance of bean 'org.springframework.transaction.config.internalTransactionAdvisor'
$04-09 11:03:42.875 DEBUG o.s.b.f.s.DefaultListableBeanFactory [main] [] - Finished creating instance of bean 'dataSource'
$04-09 11:03:42.876 DEBUG o.s.b.f.s.DefaultListableBeanFactory [main] [] - Creating shared instance of singleton bean 'transactionManager'
$04-09 11:03:42.877 DEBUG o.s.b.f.s.DefaultListableBeanFactory [main] [] - Creating instance of bean 'transactionManager'
$04-09 11:03:42.887 DEBUG o.s.b.f.s.DefaultListableBeanFactory [main] [] - Eagerly caching bean 'transactionManager' to allow for resolving potential circular references
$04-09 11:03:42.894 DEBUG o.s.b.f.s.DefaultListableBeanFactory [main] [] - Returning cached instance of singleton bean 'dataSource'
$04-09 11:03:42.896 DEBUG o.s.b.f.s.DefaultListableBeanFactory [main] [] - Invoking afterPropertiesSet() on bean with name 'transactionManager'
$04-09 11:03:42.897 DEBUG o.s.b.f.s.DefaultListableBeanFactory [main] [] - Returning cached instance of singleton bean 'org.springframework.transaction.config.internalTransactionAdvisor'
$04-09 11:03:42.900 DEBUG o.s.b.f.s.DefaultListableBeanFactory [main] [] - Finished creating instance of bean 'transactionManager'
$04-09 11:03:42.901 DEBUG o.s.b.f.s.DefaultListableBeanFactory [main] [] - Returning cached instance of singleton bean 'org.springframework.aop.config.internalAutoProxyCreator'
$04-09 11:03:42.902 DEBUG o.s.b.f.s.DefaultListableBeanFactory [main] [] - Returning cached instance of singleton bean 'org.springframework.transaction.annotation.AnnotationTransactionAttributeSource#0'
$04-09 11:03:42.903 DEBUG o.s.b.f.s.DefaultListableBeanFactory [main] [] - Creating shared instance of singleton bean 'org.springframework.transaction.interceptor.TransactionInterceptor#0'
$04-09 11:03:42.904 DEBUG o.s.b.f.s.DefaultListableBeanFactory [main] [] - Creating instance of bean 'org.springframework.transaction.interceptor.TransactionInterceptor#0'
$04-09 11:03:42.908 DEBUG o.s.b.f.s.DefaultListableBeanFactory [main] [] - Eagerly caching bean 'org.springframework.transaction.interceptor.TransactionInterceptor#0' to allow for resolving potential circular references
$04-09 11:03:42.912 DEBUG o.s.b.f.s.DefaultListableBeanFactory [main] [] - Returning cached instance of singleton bean 'org.springframework.transaction.annotation.AnnotationTransactionAttributeSource#0'
$04-09 11:03:42.914 DEBUG o.s.b.f.s.DefaultListableBeanFactory [main] [] - Invoking afterPropertiesSet() on bean with name 'org.springframework.transaction.interceptor.TransactionInterceptor#0'
$04-09 11:03:42.914 DEBUG o.s.b.f.s.DefaultListableBeanFactory [main] [] - Finished creating instance of bean 'org.springframework.transaction.interceptor.TransactionInterceptor#0'
$04-09 11:03:42.915 DEBUG o.s.b.f.s.DefaultListableBeanFactory [main] [] - Returning cached instance of singleton bean 'org.springframework.transaction.config.internalTransactionAdvisor'
$04-09 11:03:42.916 DEBUG o.s.b.f.s.DefaultListableBeanFactory [main] [] - Creating shared instance of singleton bean 'sqlSessionFactory'
$04-09 11:03:42.916 DEBUG o.s.b.f.s.DefaultListableBeanFactory [main] [] - Creating instance of bean 'sqlSessionFactory'
$04-09 11:03:42.927 DEBUG o.a.i.l.LogFactory   [main] [] - Logging initialized using 'class org.apache.ibatis.logging.slf4j.Slf4jImpl' adapter.
$04-09 11:03:42.935 DEBUG o.s.b.f.s.DefaultListableBeanFactory [main] [] - Eagerly caching bean 'sqlSessionFactory' to allow for resolving potential circular references
$04-09 11:03:42.940 DEBUG o.s.b.f.s.DefaultListableBeanFactory [main] [] - Returning cached instance of singleton bean 'dataSource'
$04-09 11:03:42.941 DEBUG o.s.b.f.s.DefaultListableBeanFactory [main] [] - Invoking afterPropertiesSet() on bean with name 'sqlSessionFactory'
$04-09 11:03:43.568 DEBUG o.m.s.SqlSessionFactoryBean [main] [] - Parsed configuration file: 'class path resource [mybatis-config.xml]'
$04-09 11:03:43.962 DEBUG o.m.s.SqlSessionFactoryBean [main] [] - Property 'mapperLocations' was not specified or no matching resources found
$04-09 11:03:43.963 DEBUG o.s.b.f.s.DefaultListableBeanFactory [main] [] - Returning cached instance of singleton bean 'org.springframework.transaction.config.internalTransactionAdvisor'
$04-09 11:03:43.965 DEBUG o.s.b.f.s.DefaultListableBeanFactory [main] [] - Finished creating instance of bean 'sqlSessionFactory'
$04-09 11:03:43.967 DEBUG o.s.b.f.s.DefaultListableBeanFactory [main] [] - Creating shared instance of singleton bean 'sqlSession'
$04-09 11:03:43.967 DEBUG o.s.b.f.s.DefaultListableBeanFactory [main] [] - Creating instance of bean 'sqlSession'
$04-09 11:03:43.971 DEBUG o.s.b.f.s.DefaultListableBeanFactory [main] [] - Returning cached instance of singleton bean 'sqlSessionFactory'
$04-09 11:03:43.972 DEBUG o.s.b.f.s.DefaultListableBeanFactory [main] [] - Returning cached instance of singleton bean 'org.springframework.transaction.config.internalTransactionAdvisor'
$04-09 11:03:43.986 DEBUG o.s.b.f.s.DefaultListableBeanFactory [main] [] - Eagerly caching bean 'sqlSession' to allow for resolving potential circular references
$04-09 11:03:43.989 DEBUG o.s.b.f.s.DefaultListableBeanFactory [main] [] - Returning cached instance of singleton bean 'org.springframework.transaction.config.internalTransactionAdvisor'
$04-09 11:03:43.991 DEBUG o.s.b.f.s.DefaultListableBeanFactory [main] [] - Finished creating instance of bean 'sqlSession'
$04-09 11:03:43.992 DEBUG o.s.b.f.s.DefaultListableBeanFactory [main] [] - Returning cached instance of singleton bean 'org.springframework.context.annotation.internalConfigurationAnnotationProcessor'
$04-09 11:03:43.992 DEBUG o.s.b.f.s.DefaultListableBeanFactory [main] [] - Returning cached instance of singleton bean 'org.springframework.context.annotation.internalAutowiredAnnotationProcessor'
$04-09 11:03:43.992 DEBUG o.s.b.f.s.DefaultListableBeanFactory [main] [] - Returning cached instance of singleton bean 'org.springframework.context.annotation.internalRequiredAnnotationProcessor'
$04-09 11:03:43.993 DEBUG o.s.b.f.s.DefaultListableBeanFactory [main] [] - Returning cached instance of singleton bean 'org.springframework.context.annotation.internalCommonAnnotationProcessor'
$04-09 11:03:43.993 DEBUG o.s.b.f.s.DefaultListableBeanFactory [main] [] - Creating shared instance of singleton bean 'bookSearchEngine'
$04-09 11:03:43.993 DEBUG o.s.b.f.s.DefaultListableBeanFactory [main] [] - Creating instance of bean 'bookSearchEngine'
$04-09 11:03:44.000 DEBUG o.s.b.f.s.DefaultListableBeanFactory [main] [] - Eagerly caching bean 'bookSearchEngine' to allow for resolving potential circular references
$04-09 11:03:44.004 DEBUG o.s.b.f.s.DefaultListableBeanFactory [main] [] - Creating shared instance of singleton bean 'systemServiceDao'
$04-09 11:03:44.005 DEBUG o.s.b.f.s.DefaultListableBeanFactory [main] [] - Creating instance of bean 'systemServiceDao'
$04-09 11:03:44.006 DEBUG o.s.b.f.s.DefaultListableBeanFactory [main] [] - Eagerly caching bean 'systemServiceDao' to allow for resolving potential circular references
$04-09 11:03:44.010 DEBUG o.s.b.f.s.DefaultListableBeanFactory [main] [] - Returning cached instance of singleton bean 'sqlSessionFactory'
$04-09 11:03:44.011 DEBUG o.s.b.f.s.DefaultListableBeanFactory [main] [] - Invoking afterPropertiesSet() on bean with name 'systemServiceDao'
$04-09 11:03:44.011 DEBUG o.s.b.f.s.DefaultListableBeanFactory [main] [] - Returning cached instance of singleton bean 'org.springframework.transaction.config.internalTransactionAdvisor'
$04-09 11:03:44.012 DEBUG o.s.b.f.s.DefaultListableBeanFactory [main] [] - Finished creating instance of bean 'systemServiceDao'
$04-09 11:03:44.013 DEBUG o.s.b.f.s.DefaultListableBeanFactory [main] [] - Creating shared instance of singleton bean 'logDao'
$04-09 11:03:44.013 DEBUG o.s.b.f.s.DefaultListableBeanFactory [main] [] - Creating instance of bean 'logDao'
$04-09 11:03:44.013 DEBUG o.s.b.f.s.DefaultListableBeanFactory [main] [] - Eagerly caching bean 'logDao' to allow for resolving potential circular references
$04-09 11:03:44.014 DEBUG o.s.b.f.s.DefaultListableBeanFactory [main] [] - Returning cached instance of singleton bean 'sqlSessionFactory'
$04-09 11:03:44.015 DEBUG o.s.b.f.s.DefaultListableBeanFactory [main] [] - Invoking afterPropertiesSet() on bean with name 'logDao'
$04-09 11:03:44.015 DEBUG o.s.b.f.s.DefaultListableBeanFactory [main] [] - Returning cached instance of singleton bean 'org.springframework.transaction.config.internalTransactionAdvisor'
$04-09 11:03:44.016 DEBUG o.s.b.f.s.DefaultListableBeanFactory [main] [] - Finished creating instance of bean 'logDao'
$04-09 11:03:44.016 DEBUG o.s.b.f.s.DefaultListableBeanFactory [main] [] - Creating shared instance of singleton bean 'borrowingDao'
$04-09 11:03:44.016 DEBUG o.s.b.f.s.DefaultListableBeanFactory [main] [] - Creating instance of bean 'borrowingDao'
$04-09 11:03:44.017 DEBUG o.s.b.f.s.DefaultListableBeanFactory [main] [] - Eagerly caching bean 'borrowingDao' to allow for resolving potential circular references
$04-09 11:03:44.017 DEBUG o.s.b.f.s.DefaultListableBeanFactory [main] [] - Returning cached instance of singleton bean 'sqlSessionFactory'
$04-09 11:03:44.018 DEBUG o.s.b.f.s.DefaultListableBeanFactory [main] [] - Invoking afterPropertiesSet() on bean with name 'borrowingDao'
$04-09 11:03:44.018 DEBUG o.s.b.f.s.DefaultListableBeanFactory [main] [] - Returning cached instance of singleton bean 'org.springframework.transaction.config.internalTransactionAdvisor'
$04-09 11:03:44.019 DEBUG o.s.b.f.s.DefaultListableBeanFactory [main] [] - Finished creating instance of bean 'borrowingDao'
$04-09 11:03:44.019 DEBUG o.s.b.f.s.DefaultListableBeanFactory [main] [] - Creating shared instance of singleton bean 'libraryDao'
$04-09 11:03:44.020 DEBUG o.s.b.f.s.DefaultListableBeanFactory [main] [] - Creating instance of bean 'libraryDao'
$04-09 11:03:44.020 DEBUG o.s.b.f.s.DefaultListableBeanFactory [main] [] - Eagerly caching bean 'libraryDao' to allow for resolving potential circular references
$04-09 11:03:44.021 DEBUG o.s.b.f.s.DefaultListableBeanFactory [main] [] - Returning cached instance of singleton bean 'sqlSessionFactory'
$04-09 11:03:44.021 DEBUG o.s.b.f.s.DefaultListableBeanFactory [main] [] - Invoking afterPropertiesSet() on bean with name 'libraryDao'
$04-09 11:03:44.022 DEBUG o.s.b.f.s.DefaultListableBeanFactory [main] [] - Returning cached instance of singleton bean 'org.springframework.transaction.config.internalTransactionAdvisor'
$04-09 11:03:44.022 DEBUG o.s.b.f.s.DefaultListableBeanFactory [main] [] - Finished creating instance of bean 'libraryDao'
$04-09 11:03:44.023 DEBUG o.s.b.f.s.DefaultListableBeanFactory [main] [] - Creating shared instance of singleton bean 'homePageDao'
$04-09 11:03:44.023 DEBUG o.s.b.f.s.DefaultListableBeanFactory [main] [] - Creating instance of bean 'homePageDao'
$04-09 11:03:44.024 DEBUG o.s.b.f.s.DefaultListableBeanFactory [main] [] - Eagerly caching bean 'homePageDao' to allow for resolving potential circular references
$04-09 11:03:44.024 DEBUG o.s.b.f.s.DefaultListableBeanFactory [main] [] - Returning cached instance of singleton bean 'sqlSessionFactory'
$04-09 11:03:44.025 DEBUG o.s.b.f.s.DefaultListableBeanFactory [main] [] - Invoking afterPropertiesSet() on bean with name 'homePageDao'
$04-09 11:03:44.025 DEBUG o.s.b.f.s.DefaultListableBeanFactory [main] [] - Returning cached instance of singleton bean 'org.springframework.transaction.config.internalTransactionAdvisor'
$04-09 11:03:44.026 DEBUG o.s.b.f.s.DefaultListableBeanFactory [main] [] - Finished creating instance of bean 'homePageDao'
$04-09 11:03:44.026 DEBUG o.s.b.f.s.DefaultListableBeanFactory [main] [] - Creating shared instance of singleton bean 'reserveDao'
$04-09 11:03:44.027 DEBUG o.s.b.f.s.DefaultListableBeanFactory [main] [] - Creating instance of bean 'reserveDao'
$04-09 11:03:44.027 DEBUG o.s.b.f.s.DefaultListableBeanFactory [main] [] - Eagerly caching bean 'reserveDao' to allow for resolving potential circular references
$04-09 11:03:44.027 DEBUG o.s.b.f.s.DefaultListableBeanFactory [main] [] - Returning cached instance of singleton bean 'sqlSessionFactory'
$04-09 11:03:44.028 DEBUG o.s.b.f.s.DefaultListableBeanFactory [main] [] - Invoking afterPropertiesSet() on bean with name 'reserveDao'
$04-09 11:03:44.029 DEBUG o.s.b.f.s.DefaultListableBeanFactory [main] [] - Returning cached instance of singleton bean 'org.springframework.transaction.config.internalTransactionAdvisor'
$04-09 11:03:44.029 DEBUG o.s.b.f.s.DefaultListableBeanFactory [main] [] - Finished creating instance of bean 'reserveDao'
$04-09 11:03:44.030 DEBUG o.s.b.f.s.DefaultListableBeanFactory [main] [] - Creating shared instance of singleton bean 'bookDao'
$04-09 11:03:44.030 DEBUG o.s.b.f.s.DefaultListableBeanFactory [main] [] - Creating instance of bean 'bookDao'
$04-09 11:03:44.030 DEBUG o.s.b.f.s.DefaultListableBeanFactory [main] [] - Eagerly caching bean 'bookDao' to allow for resolving potential circular references
$04-09 11:03:44.031 DEBUG o.s.b.f.s.DefaultListableBeanFactory [main] [] - Returning cached instance of singleton bean 'sqlSessionFactory'
$04-09 11:03:44.032 DEBUG o.s.b.f.s.DefaultListableBeanFactory [main] [] - Invoking afterPropertiesSet() on bean with name 'bookDao'
$04-09 11:03:44.032 DEBUG o.s.b.f.s.DefaultListableBeanFactory [main] [] - Returning cached instance of singleton bean 'org.springframework.transaction.config.internalTransactionAdvisor'
$04-09 11:03:44.032 DEBUG o.s.b.f.s.DefaultListableBeanFactory [main] [] - Finished creating instance of bean 'bookDao'
$04-09 11:03:44.033 DEBUG o.s.b.f.s.DefaultListableBeanFactory [main] [] - Creating shared instance of singleton bean 'categoryDao'
$04-09 11:03:44.034 DEBUG o.s.b.f.s.DefaultListableBeanFactory [main] [] - Creating instance of bean 'categoryDao'
$04-09 11:03:44.034 DEBUG o.s.b.f.s.DefaultListableBeanFactory [main] [] - Eagerly caching bean 'categoryDao' to allow for resolving potential circular references
$04-09 11:03:44.034 DEBUG o.s.b.f.s.DefaultListableBeanFactory [main] [] - Returning cached instance of singleton bean 'sqlSessionFactory'
$04-09 11:03:44.035 DEBUG o.s.b.f.s.DefaultListableBeanFactory [main] [] - Invoking afterPropertiesSet() on bean with name 'categoryDao'
$04-09 11:03:44.035 DEBUG o.s.b.f.s.DefaultListableBeanFactory [main] [] - Returning cached instance of singleton bean 'org.springframework.transaction.config.internalTransactionAdvisor'
$04-09 11:03:44.036 DEBUG o.s.b.f.s.DefaultListableBeanFactory [main] [] - Finished creating instance of bean 'categoryDao'
$04-09 11:03:44.036 DEBUG o.s.b.f.s.DefaultListableBeanFactory [main] [] - Creating shared instance of singleton bean 'expiresDao'
$04-09 11:03:44.037 DEBUG o.s.b.f.s.DefaultListableBeanFactory [main] [] - Creating instance of bean 'expiresDao'
$04-09 11:03:44.037 DEBUG o.s.b.f.s.DefaultListableBeanFactory [main] [] - Eagerly caching bean 'expiresDao' to allow for resolving potential circular references
$04-09 11:03:44.038 DEBUG o.s.b.f.s.DefaultListableBeanFactory [main] [] - Returning cached instance of singleton bean 'sqlSessionFactory'
$04-09 11:03:44.038 DEBUG o.s.b.f.s.DefaultListableBeanFactory [main] [] - Invoking afterPropertiesSet() on bean with name 'expiresDao'
$04-09 11:03:44.039 DEBUG o.s.b.f.s.DefaultListableBeanFactory [main] [] - Returning cached instance of singleton bean 'org.springframework.transaction.config.internalTransactionAdvisor'
$04-09 11:03:44.039 DEBUG o.s.b.f.s.DefaultListableBeanFactory [main] [] - Finished creating instance of bean 'expiresDao'
$04-09 11:03:44.039 DEBUG o.s.b.f.s.DefaultListableBeanFactory [main] [] - Creating shared instance of singleton bean 'managerDao'
$04-09 11:03:44.040 DEBUG o.s.b.f.s.DefaultListableBeanFactory [main] [] - Creating instance of bean 'managerDao'
$04-09 11:03:44.040 DEBUG o.s.b.f.s.DefaultListableBeanFactory [main] [] - Eagerly caching bean 'managerDao' to allow for resolving potential circular references
$04-09 11:03:44.041 DEBUG o.s.b.f.s.DefaultListableBeanFactory [main] [] - Returning cached instance of singleton bean 'sqlSessionFactory'
$04-09 11:03:44.041 DEBUG o.s.b.f.s.DefaultListableBeanFactory [main] [] - Invoking afterPropertiesSet() on bean with name 'managerDao'
$04-09 11:03:44.042 DEBUG o.s.b.f.s.DefaultListableBeanFactory [main] [] - Returning cached instance of singleton bean 'org.springframework.transaction.config.internalTransactionAdvisor'
$04-09 11:03:44.042 DEBUG o.s.b.f.s.DefaultListableBeanFactory [main] [] - Finished creating instance of bean 'managerDao'
$04-09 11:03:44.045 DEBUG o.s.c.e.StandardEnvironment [main] [] - Initializing new StandardEnvironment
$04-09 11:03:44.046 DEBUG o.s.c.e.StandardEnvironment [main] [] - Adding [systemProperties] PropertySource with lowest search precedence
$04-09 11:03:44.046 DEBUG o.s.c.e.StandardEnvironment [main] [] - Adding [systemEnvironment] PropertySource with lowest search precedence
$04-09 11:03:44.047 DEBUG o.s.c.e.StandardEnvironment [main] [] - Initialized StandardEnvironment with PropertySources [systemProperties,systemEnvironment]
$04-09 11:03:44.047 DEBUG o.s.c.e.StandardEnvironment [main] [] - Initializing new StandardEnvironment
$04-09 11:03:44.048 DEBUG o.s.c.e.StandardEnvironment [main] [] - Adding [systemProperties] PropertySource with lowest search precedence
$04-09 11:03:44.048 DEBUG o.s.c.e.StandardEnvironment [main] [] - Adding [systemEnvironment] PropertySource with lowest search precedence
$04-09 11:03:44.048 DEBUG o.s.c.e.StandardEnvironment [main] [] - Initialized StandardEnvironment with PropertySources [systemProperties,systemEnvironment]
$04-09 11:03:44.049 DEBUG o.s.c.e.StandardEnvironment [main] [] - Initializing new StandardEnvironment
$04-09 11:03:44.049 DEBUG o.s.c.e.StandardEnvironment [main] [] - Adding [systemProperties] PropertySource with lowest search precedence
$04-09 11:03:44.050 DEBUG o.s.c.e.StandardEnvironment [main] [] - Adding [systemEnvironment] PropertySource with lowest search precedence
$04-09 11:03:44.050 DEBUG o.s.c.e.StandardEnvironment [main] [] - Initialized StandardEnvironment with PropertySources [systemProperties,systemEnvironment]
$04-09 11:03:44.051 DEBUG o.s.c.e.StandardEnvironment [main] [] - Initializing new StandardEnvironment
$04-09 11:03:44.051 DEBUG o.s.c.e.StandardEnvironment [main] [] - Adding [systemProperties] PropertySource with lowest search precedence
$04-09 11:03:44.052 DEBUG o.s.c.e.StandardEnvironment [main] [] - Adding [systemEnvironment] PropertySource with lowest search precedence
$04-09 11:03:44.052 DEBUG o.s.c.e.StandardEnvironment [main] [] - Initialized StandardEnvironment with PropertySources [systemProperties,systemEnvironment]
$04-09 11:03:44.053 DEBUG o.s.c.e.StandardEnvironment [main] [] - Initializing new StandardEnvironment
$04-09 11:03:44.053 DEBUG o.s.c.e.StandardEnvironment [main] [] - Adding [systemProperties] PropertySource with lowest search precedence
$04-09 11:03:44.053 DEBUG o.s.c.e.StandardEnvironment [main] [] - Adding [systemEnvironment] PropertySource with lowest search precedence
$04-09 11:03:44.054 DEBUG o.s.c.e.StandardEnvironment [main] [] - Initialized StandardEnvironment with PropertySources [systemProperties,systemEnvironment]
$04-09 11:03:44.054 DEBUG o.s.b.f.s.DefaultListableBeanFactory [main] [] - Invoking init method  'init' on bean with name 'bookSearchEngine'
$04-09 11:03:44.055 DEBUG c.q.f.l.s.b.DatabaseBookSearchEngine [main] [] - Index directory is e:/index/.
$04-09 11:03:44.055 DEBUG c.q.f.l.s.b.DatabaseBookSearchEngine [main] [] - Initial the search engine.
$04-09 11:03:44.330 DEBUG c.q.f.l.s.b.DatabaseBookSearchEngine [main] [] - Initial search engine success.
$04-09 11:03:44.330 DEBUG o.s.b.f.s.DefaultListableBeanFactory [main] [] - Returning cached instance of singleton bean 'org.springframework.transaction.config.internalTransactionAdvisor'
$04-09 11:03:44.332 DEBUG o.s.b.f.s.DefaultListableBeanFactory [main] [] - Finished creating instance of bean 'bookSearchEngine'
$04-09 11:03:44.332 DEBUG o.s.b.f.s.DefaultListableBeanFactory [main] [] - Returning cached instance of singleton bean 'org.mybatis.spring.mapper.MapperScannerConfigurer#0'
$04-09 11:03:44.333 DEBUG o.s.b.f.s.DefaultListableBeanFactory [main] [] - Returning cached instance of singleton bean 'org.springframework.context.annotation.ConfigurationClassPostProcessor.importAwareProcessor'
$04-09 11:03:44.333 DEBUG o.s.b.f.s.DefaultListableBeanFactory [main] [] - Returning cached instance of singleton bean 'systemServiceDao'
$04-09 11:03:44.334 DEBUG o.s.b.f.s.DefaultListableBeanFactory [main] [] - Returning cached instance of singleton bean 'logDao'
$04-09 11:03:44.334 DEBUG o.s.b.f.s.DefaultListableBeanFactory [main] [] - Returning cached instance of singleton bean 'borrowingDao'
$04-09 11:03:44.335 DEBUG o.s.b.f.s.DefaultListableBeanFactory [main] [] - Returning cached instance of singleton bean 'libraryDao'
$04-09 11:03:44.335 DEBUG o.s.b.f.s.DefaultListableBeanFactory [main] [] - Returning cached instance of singleton bean 'homePageDao'
$04-09 11:03:44.336 DEBUG o.s.b.f.s.DefaultListableBeanFactory [main] [] - Returning cached instance of singleton bean 'reserveDao'
$04-09 11:03:44.336 DEBUG o.s.b.f.s.DefaultListableBeanFactory [main] [] - Returning cached instance of singleton bean 'bookDao'
$04-09 11:03:44.337 DEBUG o.s.b.f.s.DefaultListableBeanFactory [main] [] - Returning cached instance of singleton bean 'categoryDao'
$04-09 11:03:44.337 DEBUG o.s.b.f.s.DefaultListableBeanFactory [main] [] - Returning cached instance of singleton bean 'expiresDao'
$04-09 11:03:44.338 DEBUG o.s.b.f.s.DefaultListableBeanFactory [main] [] - Returning cached instance of singleton bean 'managerDao'
$04-09 11:03:44.340 DEBUG o.s.c.s.GenericApplicationContext [main] [] - Unable to locate LifecycleProcessor with name 'lifecycleProcessor': using default [org.springframework.context.support.DefaultLifecycleProcessor@171393dd]
$04-09 11:03:44.341 DEBUG o.s.b.f.s.DefaultListableBeanFactory [main] [] - Returning cached instance of singleton bean 'lifecycleProcessor'
$04-09 11:03:44.343 DEBUG o.s.b.f.s.DefaultListableBeanFactory [main] [] - Returning cached instance of singleton bean 'sqlSessionFactory'
$04-09 11:03:44.344 DEBUG o.s.t.c.TestContext  [main] [] - Storing ApplicationContext for test class [class com.qunar.fresh.librarysystem.dao.BorrowingDaoTest] in cache under key [[MergedContextConfiguration@62cca38 testClass = BorrowingDaoTest, locations = '{classpath:spring/dao.xml}', classes = '{}', activeProfiles = '{}', contextLoader = 'org.springframework.test.context.support.DelegatingSmartContextLoader']].
$04-09 11:03:44.351 DEBUG o.s.b.f.a.InjectionMetadata [main] [] - Found injected element on class [com.qunar.fresh.librarysystem.dao.BorrowingDaoTest]: ResourceElement for private com.qunar.fresh.librarysystem.dao.BorrowingDao com.qunar.fresh.librarysystem.dao.BorrowingDaoTest.borrowingDao
$04-09 11:03:44.351 DEBUG o.s.b.f.a.InjectionMetadata [main] [] - Processing injected method of bean 'com.qunar.fresh.librarysystem.dao.BorrowingDaoTest': ResourceElement for private com.qunar.fresh.librarysystem.dao.BorrowingDao com.qunar.fresh.librarysystem.dao.BorrowingDaoTest.borrowingDao
$04-09 11:03:44.352 DEBUG o.s.b.f.s.DefaultListableBeanFactory [main] [] - Returning cached instance of singleton bean 'borrowingDao'
$04-09 11:03:44.357 DEBUG o.s.b.f.s.DefaultListableBeanFactory [main] [] - Returning cached instance of singleton bean 'org.springframework.transaction.config.internalTransactionAdvisor'
$04-09 11:03:44.367 DEBUG o.s.b.f.s.DefaultListableBeanFactory [main] [] - Returning cached instance of singleton bean 'org.springframework.transaction.config.internalTransactionAdvisor'
$04-09 11:03:44.373 DEBUG o.s.t.a.AnnotationTransactionAttributeSource [main] [] - Adding transactional method 'testDecreaseRedecorateCount' with attribute: PROPAGATION_REQUIRED,ISOLATION_DEFAULT; ''
$04-09 11:03:44.378 DEBUG o.s.a.f.a.InfrastructureAdvisorAutoProxyCreator [main] [] - Creating implicit proxy for bean 'com.qunar.fresh.librarysystem.dao.BorrowingDaoTest' with 0 common interceptors and 1 specific interceptors
$04-09 11:03:44.385 DEBUG o.s.a.f.Cglib2AopProxy [main] [] - Creating CGLIB2 proxy: target source is SingletonTargetSource for target object [com.qunar.fresh.librarysystem.dao.BorrowingDaoTest@533a0538]
$04-09 11:03:44.445 DEBUG o.s.b.f.s.DefaultListableBeanFactory [main] [] - Returning cached instance of singleton bean 'org.springframework.transaction.interceptor.TransactionInterceptor#0'
$04-09 11:03:44.448 DEBUG o.s.a.f.Cglib2AopProxy [main] [] - Unable to apply any optimisations to advised method: public void com.qunar.fresh.librarysystem.dao.BorrowingDaoTest.testBorrowBookInfo_should_success_insert_to_DB()
$04-09 11:03:44.449 DEBUG o.s.a.f.Cglib2AopProxy [main] [] - Unable to apply any optimisations to advised method: public void com.qunar.fresh.librarysystem.dao.BorrowingDaoTest.testBorrowBookInfo_should_throw_exception()
$04-09 11:03:44.449 DEBUG o.s.a.f.Cglib2AopProxy [main] [] - Unable to apply any optimisations to advised method: public void com.qunar.fresh.librarysystem.dao.BorrowingDaoTest.testGetUserInfo_should_return_user()
$04-09 11:03:44.449 DEBUG o.s.a.f.Cglib2AopProxy [main] [] - Unable to apply any optimisations to advised method: public void com.qunar.fresh.librarysystem.dao.BorrowingDaoTest.testGetUserInfo_should_return_null_when_user_is_null()
$04-09 11:03:44.450 DEBUG o.s.a.f.Cglib2AopProxy [main] [] - Unable to apply any optimisations to advised method: public void com.qunar.fresh.librarysystem.dao.BorrowingDaoTest.testGetUserInfo_should_return_null_when_manager_is_null()
$04-09 11:03:44.450 DEBUG o.s.a.f.Cglib2AopProxy [main] [] - Unable to apply any optimisations to advised method: public void com.qunar.fresh.librarysystem.dao.BorrowingDaoTest.testGetUserBorrowedBook_should_return_null_when_user_is_null()
$04-09 11:03:44.451 DEBUG o.s.a.f.Cglib2AopProxy [main] [] - Unable to apply any optimisations to advised method: public void com.qunar.fresh.librarysystem.dao.BorrowingDaoTest.testGetUserBorrowedBook_should_return_null_when_manager_is_null()
$04-09 11:03:44.451 DEBUG o.s.a.f.Cglib2AopProxy [main] [] - Unable to apply any optimisations to advised method: public void com.qunar.fresh.librarysystem.dao.BorrowingDaoTest.testGetUserBorrowedBook_should_return_null_when_manager_is_not_in_DB()
$04-09 11:03:44.451 DEBUG o.s.a.f.Cglib2AopProxy [main] [] - Unable to apply any optimisations to advised method: public void com.qunar.fresh.librarysystem.dao.BorrowingDaoTest.testGetUserBorrowedBook_should_return_null_when_user_is_not_in_DB()
$04-09 11:03:44.452 DEBUG o.s.a.f.Cglib2AopProxy [main] [] - Unable to apply any optimisations to advised method: public void com.qunar.fresh.librarysystem.dao.BorrowingDaoTest.testGetUserBorrowedBook_should_return_user()
$04-09 11:03:44.452 DEBUG o.s.a.f.Cglib2AopProxy [main] [] - Unable to apply any optimisations to advised method: public void com.qunar.fresh.librarysystem.dao.BorrowingDaoTest.testGetUserBorrowedBook_should_return_null_when_userRtx_is_null()
$04-09 11:03:44.452 DEBUG o.s.a.f.Cglib2AopProxy [main] [] - Unable to apply any optimisations to advised method: public void com.qunar.fresh.librarysystem.dao.BorrowingDaoTest.testSelectBookBelongManager_should_return_right_book()
$04-09 11:03:44.453 DEBUG o.s.a.f.Cglib2AopProxy [main] [] - Unable to apply any optimisations to advised method: public void com.qunar.fresh.librarysystem.dao.BorrowingDaoTest.testSelectBookBelongManager_should_return_null()
$04-09 11:03:44.453 DEBUG o.s.a.f.Cglib2AopProxy [main] [] - Unable to apply any optimisations to advised method: public void com.qunar.fresh.librarysystem.dao.BorrowingDaoTest.testSelectBookById_should_return_right_book()
$04-09 11:03:44.454 DEBUG o.s.a.f.Cglib2AopProxy [main] [] - Unable to apply any optimisations to advised method: public void com.qunar.fresh.librarysystem.dao.BorrowingDaoTest.testSelectBookById_should_return_null()
$04-09 11:03:44.454 DEBUG o.s.a.f.Cglib2AopProxy [main] [] - Unable to apply any optimisations to advised method: public void com.qunar.fresh.librarysystem.dao.BorrowingDaoTest.testGetAllBorrowedBook_should_return_not_empty_list_if_has_borrowed_book()
$04-09 11:03:44.454 DEBUG o.s.a.f.Cglib2AopProxy [main] [] - Unable to apply any optimisations to advised method: public void com.qunar.fresh.librarysystem.dao.BorrowingDaoTest.testGetAllBorrowedBook_should_return_empty_list_if_no_borrowed_book()
$04-09 11:03:44.455 DEBUG o.s.a.f.Cglib2AopProxy [main] [] - Unable to apply any optimisations to advised method: public void com.qunar.fresh.librarysystem.dao.BorrowingDaoTest.testCheckManagerInDB_should_return_number_bigger_than_zero_when_in_DB()
$04-09 11:03:44.455 DEBUG o.s.a.f.Cglib2AopProxy [main] [] - Unable to apply any optimisations to advised method: public void com.qunar.fresh.librarysystem.dao.BorrowingDaoTest.testCheckManagerInDB_should_return_zero_when_not_in_DB()
$04-09 11:03:44.455 DEBUG o.s.a.f.Cglib2AopProxy [main] [] - Unable to apply any optimisations to advised method: public void com.qunar.fresh.librarysystem.dao.BorrowingDaoTest.testCheckUserInDB_should_return_bigger_than_zero_if_in_DB()
$04-09 11:03:44.456 DEBUG o.s.a.f.Cglib2AopProxy [main] [] - Unable to apply any optimisations to advised method: public void com.qunar.fresh.librarysystem.dao.BorrowingDaoTest.testCheckUserInDB_should_return_zero_when_user_not_in_DB()
$04-09 11:03:44.456 DEBUG o.s.a.f.Cglib2AopProxy [main] [] - Unable to apply any optimisations to advised method: public void com.qunar.fresh.librarysystem.dao.BorrowingDaoTest.testCheckManagerRight_should_return_bigger_than_zero_if_has_right()
$04-09 11:03:44.457 DEBUG o.s.a.f.Cglib2AopProxy [main] [] - Unable to apply any optimisations to advised method: public void com.qunar.fresh.librarysystem.dao.BorrowingDaoTest.testCheckManagerRight_should_return_zero_if_has_no_right()
$04-09 11:03:44.457 DEBUG o.s.a.f.Cglib2AopProxy [main] [] - Unable to apply any optimisations to advised method: public void com.qunar.fresh.librarysystem.dao.BorrowingDaoTest.testUpdateUserInfo_return_bigger_than_zero_if_success()
$04-09 11:03:44.457 DEBUG o.s.a.f.Cglib2AopProxy [main] [] - Unable to apply any optimisations to advised method: public void com.qunar.fresh.librarysystem.dao.BorrowingDaoTest.testUpdateUserInfo_return_zero_if_failed()
$04-09 11:03:44.458 DEBUG o.s.a.f.Cglib2AopProxy [main] [] - Unable to apply any optimisations to advised method: public void com.qunar.fresh.librarysystem.dao.BorrowingDaoTest.testGetManagerId_should_return_null_when_manager_is_null()
$04-09 11:03:44.458 DEBUG o.s.a.f.Cglib2AopProxy [main] [] - Unable to apply any optimisations to advised method: public void com.qunar.fresh.librarysystem.dao.BorrowingDaoTest.testGetManagerId_should_return_null_when_manager_not_in_DB()
$04-09 11:03:44.458 DEBUG o.s.a.f.Cglib2AopProxy [main] [] - Unable to apply any optimisations to advised method: public void com.qunar.fresh.librarysystem.dao.BorrowingDaoTest.testGetManagerId_should_return_manager_libid_when_in_DB()
$04-09 11:03:44.459 DEBUG o.s.a.f.Cglib2AopProxy [main] [] - Unable to apply any optimisations to advised method: public void com.qunar.fresh.librarysystem.dao.BorrowingDaoTest.testUpdateBorrowedBookIsReturn_should_return_zero_if_bookId_is_not_right()
$04-09 11:03:44.459 DEBUG o.s.a.f.Cglib2AopProxy [main] [] - Unable to apply any optimisations to advised method: public void com.qunar.fresh.librarysystem.dao.BorrowingDaoTest.testUpdateBorrowedBookIsReturn_should_return_bigger_than_zero_if_success()
$04-09 11:03:44.460 DEBUG o.s.a.f.Cglib2AopProxy [main] [] - Unable to apply any optimisations to advised method: public void com.qunar.fresh.librarysystem.dao.BorrowingDaoTest.testInsertLog_success()
$04-09 11:03:44.460 DEBUG o.s.a.f.Cglib2AopProxy [main] [] - Unable to apply any optimisations to advised method: public void com.qunar.fresh.librarysystem.dao.BorrowingDaoTest.testInsertLog_failed()
$04-09 11:03:44.460 DEBUG o.s.a.f.Cglib2AopProxy [main] [] - Unable to apply any optimisations to advised method: public void com.qunar.fresh.librarysystem.dao.BorrowingDaoTest.testDecreaseRedecorateCount()
$04-09 11:03:44.461 DEBUG o.s.a.f.Cglib2AopProxy [main] [] - Unable to apply any optimisations to advised method: public void com.qunar.fresh.librarysystem.dao.BorrowingDaoTest.testGetUserBorrowedBookList_should_return_not_empty_list()
$04-09 11:03:44.461 DEBUG o.s.a.f.Cglib2AopProxy [main] [] - Unable to apply any optimisations to advised method: public void com.qunar.fresh.librarysystem.dao.BorrowingDaoTest.testGetUserBorrowedBookList_should_return_null_when_userRtx_is_null()
$04-09 11:03:44.462 DEBUG o.s.a.f.Cglib2AopProxy [main] [] - Found finalize() method - using NO_OVERRIDE
$04-09 11:03:44.462 DEBUG o.s.a.f.Cglib2AopProxy [main] [] - Found 'equals' method: public boolean java.lang.Object.equals(java.lang.Object)
$04-09 11:03:44.462 DEBUG o.s.a.f.Cglib2AopProxy [main] [] - Unable to apply any optimisations to advised method: public java.lang.String java.lang.Object.toString()
$04-09 11:03:44.463 DEBUG o.s.a.f.Cglib2AopProxy [main] [] - Found 'hashCode' method: public native int java.lang.Object.hashCode()
$04-09 11:03:44.463 DEBUG o.s.a.f.Cglib2AopProxy [main] [] - Unable to apply any optimisations to advised method: protected native java.lang.Object java.lang.Object.clone() throws java.lang.CloneNotSupportedException
$04-09 11:03:44.463 DEBUG o.s.a.f.Cglib2AopProxy [main] [] - Method is declared on Advised interface: public abstract int org.springframework.aop.framework.Advised.indexOf(org.springframework.aop.Advisor)
$04-09 11:03:44.464 DEBUG o.s.a.f.Cglib2AopProxy [main] [] - Method is declared on Advised interface: public abstract int org.springframework.aop.framework.Advised.indexOf(org.aopalliance.aop.Advice)
$04-09 11:03:44.464 DEBUG o.s.a.f.Cglib2AopProxy [main] [] - Method is declared on Advised interface: public abstract boolean org.springframework.aop.framework.Advised.isFrozen()
$04-09 11:03:44.465 DEBUG o.s.a.f.Cglib2AopProxy [main] [] - Method is declared on Advised interface: public abstract boolean org.springframework.aop.framework.Advised.isExposeProxy()
$04-09 11:03:44.465 DEBUG o.s.a.f.Cglib2AopProxy [main] [] - Method is declared on Advised interface: public abstract void org.springframework.aop.framework.Advised.setExposeProxy(boolean)
$04-09 11:03:44.465 DEBUG o.s.a.f.Cglib2AopProxy [main] [] - Method is declared on Advised interface: public abstract org.springframework.aop.TargetSource org.springframework.aop.framework.Advised.getTargetSource()
$04-09 11:03:44.466 DEBUG o.s.a.f.Cglib2AopProxy [main] [] - Method is declared on Advised interface: public abstract void org.springframework.aop.framework.Advised.addAdvisor(org.springframework.aop.Advisor) throws org.springframework.aop.framework.AopConfigException
$04-09 11:03:44.466 DEBUG o.s.a.f.Cglib2AopProxy [main] [] - Method is declared on Advised interface: public abstract void org.springframework.aop.framework.Advised.addAdvisor(int,org.springframework.aop.Advisor) throws org.springframework.aop.framework.AopConfigException
$04-09 11:03:44.467 DEBUG o.s.a.f.Cglib2AopProxy [main] [] - Method is declared on Advised interface: public abstract void org.springframework.aop.framework.Advised.setTargetSource(org.springframework.aop.TargetSource)
$04-09 11:03:44.481 DEBUG o.s.a.f.Cglib2AopProxy [main] [] - Method is declared on Advised interface: public abstract void org.springframework.aop.framework.Advised.setPreFiltered(boolean)
$04-09 11:03:44.482 DEBUG o.s.a.f.Cglib2AopProxy [main] [] - Method is declared on Advised interface: public abstract boolean org.springframework.aop.framework.Advised.isProxyTargetClass()
$04-09 11:03:44.482 DEBUG o.s.a.f.Cglib2AopProxy [main] [] - Method is declared on Advised interface: public abstract void org.springframework.aop.framework.Advised.addAdvice(org.aopalliance.aop.Advice) throws org.springframework.aop.framework.AopConfigException
$04-09 11:03:44.483 DEBUG o.s.a.f.Cglib2AopProxy [main] [] - Method is declared on Advised interface: public abstract void org.springframework.aop.framework.Advised.addAdvice(int,org.aopalliance.aop.Advice) throws org.springframework.aop.framework.AopConfigException
$04-09 11:03:44.484 DEBUG o.s.a.f.Cglib2AopProxy [main] [] - Method is declared on Advised interface: public abstract boolean org.springframework.aop.framework.Advised.isPreFiltered()
$04-09 11:03:44.484 DEBUG o.s.a.f.Cglib2AopProxy [main] [] - Method is declared on Advised interface: public abstract java.lang.Class[] org.springframework.aop.framework.Advised.getProxiedInterfaces()
$04-09 11:03:44.484 DEBUG o.s.a.f.Cglib2AopProxy [main] [] - Method is declared on Advised interface: public abstract boolean org.springframework.aop.framework.Advised.isInterfaceProxied(java.lang.Class)
$04-09 11:03:44.485 DEBUG o.s.a.f.Cglib2AopProxy [main] [] - Method is declared on Advised interface: public abstract org.springframework.aop.Advisor[] org.springframework.aop.framework.Advised.getAdvisors()
$04-09 11:03:44.485 DEBUG o.s.a.f.Cglib2AopProxy [main] [] - Method is declared on Advised interface: public abstract void org.springframework.aop.framework.Advised.removeAdvisor(int) throws org.springframework.aop.framework.AopConfigException
$04-09 11:03:44.485 DEBUG o.s.a.f.Cglib2AopProxy [main] [] - Method is declared on Advised interface: public abstract boolean org.springframework.aop.framework.Advised.removeAdvisor(org.springframework.aop.Advisor)
$04-09 11:03:44.486 DEBUG o.s.a.f.Cglib2AopProxy [main] [] - Method is declared on Advised interface: public abstract boolean org.springframework.aop.framework.Advised.replaceAdvisor(org.springframework.aop.Advisor,org.springframework.aop.Advisor) throws org.springframework.aop.framework.AopConfigException
$04-09 11:03:44.486 DEBUG o.s.a.f.Cglib2AopProxy [main] [] - Method is declared on Advised interface: public abstract boolean org.springframework.aop.framework.Advised.removeAdvice(org.aopalliance.aop.Advice)
$04-09 11:03:44.487 DEBUG o.s.a.f.Cglib2AopProxy [main] [] - Method is declared on Advised interface: public abstract java.lang.String org.springframework.aop.framework.Advised.toProxyConfigString()
$04-09 11:03:44.487 DEBUG o.s.a.f.Cglib2AopProxy [main] [] - Method is declared on Advised interface: public abstract java.lang.Class org.springframework.aop.TargetClassAware.getTargetClass()
$04-09 11:03:44.531 DEBUG o.m.s.SqlSessionUtils [main] [] - Creating a new SqlSession
$04-09 11:03:44.541 DEBUG o.m.s.SqlSessionUtils [main] [] - SqlSession [org.apache.ibatis.session.defaults.DefaultSqlSession@5be463a2] was not registered for synchronization because synchronization is not active
$04-09 11:03:44.581 DEBUG o.s.j.d.DataSourceUtils [main] [] - Fetching JDBC Connection from DataSource
$04-09 11:03:44.581 DEBUG o.m.s.t.SpringManagedTransaction [main] [] - JDBC Connection [ProxyConnection[PooledConnection[com.mysql.jdbc.JDBC4Connection@16aa4867]]] will not be managed by Spring
$04-09 11:03:44.583 DEBUG c.q.f.l.d.B.getUserBorrowedBookList [main] [] - ooo Using Connection [ProxyConnection[PooledConnection[com.mysql.jdbc.JDBC4Connection@16aa4867]]]
$04-09 11:03:44.589 DEBUG c.q.f.l.d.B.getUserBorrowedBookList [main] [] - ==>  Preparing: select a.id as id, a.user_rtx as userRtx, a.borrow_num as borrowNum, a.remain_brow_num as remainBrowNum, b.book_id as bookId, b.borrow_date as borrowedDate, b.return_date as returnDate, b.redecorate_num as redecorateNum, b.is_return as isReturned, cc.lib_id as bookLib, d.book_name as bookName, d.author as bookAuthor, e.lib_dept as libDept, e.lib_name as libName from user a left outer join borrowed b on a.user_rtx = b.user_rtx left outer join book cc on b.book_id = cc.book_id left outer join book_info d on cc.book_info_id = d.id left outer join library e on a.lib_id = e.id where a.user_rtx = ? and a.lib_id = cc.lib_id and a.is_valid=1 
$04-09 11:03:44.617 DEBUG c.q.f.l.d.B.getUserBorrowedBookList [main] [] - ==> Parameters: libin.chen(String)
$04-09 11:03:44.656 DEBUG c.q.f.l.d.B.getUserBorrowedBookList [main] [] - <==      Total: 11
$04-09 11:03:44.658 DEBUG o.m.s.SqlSessionUtils [main] [] - Closing non transactional SqlSession [org.apache.ibatis.session.defaults.DefaultSqlSession@5be463a2]
$04-09 11:03:44.659 DEBUG o.s.j.d.DataSourceUtils [main] [] - Returning JDBC Connection to DataSource
$04-09 11:03:44.661 DEBUG o.s.t.c.s.DirtiesContextTestExecutionListener [main] [] - After test method: context [[TestContext@52ba8426 testClass = BorrowingDaoTest, testInstance = com.qunar.fresh.librarysystem.dao.BorrowingDaoTest@533a0538, testMethod = testGetUserBorrowedBookList_should_return_not_empty_list@BorrowingDaoTest, testException = [null], mergedContextConfiguration = [MergedContextConfiguration@62cca38 testClass = BorrowingDaoTest, locations = '{classpath:spring/dao.xml}', classes = '{}', activeProfiles = '{}', contextLoader = 'org.springframework.test.context.support.DelegatingSmartContextLoader']]], class dirties context [false], class mode [null], method dirties context [false].
$04-09 11:03:44.663 DEBUG o.s.t.c.s.DirtiesContextTestExecutionListener [main] [] - After test class: context [[TestContext@52ba8426 testClass = BorrowingDaoTest, testInstance = [null], testMethod = [null], testException = [null], mergedContextConfiguration = [MergedContextConfiguration@62cca38 testClass = BorrowingDaoTest, locations = '{classpath:spring/dao.xml}', classes = '{}', activeProfiles = '{}', contextLoader = 'org.springframework.test.context.support.DelegatingSmartContextLoader']]], dirtiesContext [false].
$04-09 11:03:44.666 INFO  o.s.c.s.GenericApplicationContext [Thread-3] [] - Closing org.springframework.context.support.GenericApplicationContext@76dfa2ae: startup date [Wed Apr 09 11:03:42 CST 2014]; root of context hierarchy
$04-09 11:03:44.666 DEBUG c.q.f.l.s.IndexUpdateListener [Thread-2] [] - Close the executorService on hook
$04-09 11:03:44.667 DEBUG o.s.b.f.s.DefaultListableBeanFactory [Thread-3] [] - Returning cached instance of singleton bean 'sqlSessionFactory'
$04-09 11:03:44.668 DEBUG o.s.b.f.s.DefaultListableBeanFactory [Thread-3] [] - Returning cached instance of singleton bean 'lifecycleProcessor'
$04-09 11:03:44.668 INFO  o.s.b.f.s.DefaultListableBeanFactory [Thread-3] [] - Destroying singletons in org.springframework.beans.factory.support.DefaultListableBeanFactory@7d88c3cf: defining beans [org.springframework.beans.factory.config.PropertyPlaceholderConfigurer#0,org.springframework.beans.factory.config.PropertyPlaceholderConfigurer#1,abstractPoolDatatSource,dataSource,transactionManager,org.springframework.aop.config.internalAutoProxyCreator,org.springframework.transaction.annotation.AnnotationTransactionAttributeSource#0,org.springframework.transaction.interceptor.TransactionInterceptor#0,org.springframework.transaction.config.internalTransactionAdvisor,sqlSessionFactory,sqlSession,org.springframework.context.annotation.internalConfigurationAnnotationProcessor,org.springframework.context.annotation.internalAutowiredAnnotationProcessor,org.springframework.context.annotation.internalRequiredAnnotationProcessor,org.springframework.context.annotation.internalCommonAnnotationProcessor,bookSearchEngine,org.mybatis.spring.mapper.MapperScannerConfigurer#0,org.springframework.context.annotation.ConfigurationClassPostProcessor.importAwareProcessor,systemServiceDao,logDao,borrowingDao,libraryDao,homePageDao,reserveDao,bookDao,categoryDao,expiresDao,managerDao]; root of factory hierarchy
$04-09 11:03:44.669 DEBUG o.s.b.f.s.DefaultListableBeanFactory [Thread-3] [] - Retrieved dependent beans for bean 'borrowingDao': [com.qunar.fresh.librarysystem.dao.BorrowingDaoTest]
$04-09 11:03:44.669 DEBUG o.s.b.f.s.DisposableBeanAdapter [Thread-3] [] - Invoking destroy method 'close' on bean with name 'dataSource'
